0 info it worked if it ends with ok
1 verbose cli [ 'C:\\Program Files\\nodejs\\node.exe',
1 verbose cli   'C:\\Program Files\\nodejs\\node_modules\\npm\\bin\\npm-cli.js',
1 verbose cli   'install',
1 verbose cli   'libxmljs' ]
2 info using npm@2.15.8
3 info using node@v4.4.7
4 verbose install initial load of C:\Users\yiupang\Documents\GitHub\Oracle\package.json
5 warn package.json oracle@1.0.0 No README data
6 verbose installManyTop reading scoped package data from C:\Users\yiupang\Documents\GitHub\Oracle\node_modules\express\package.json
7 verbose readDependencies loading dependencies from C:\Users\yiupang\Documents\GitHub\Oracle\package.json
8 silly cache add args [ 'libxmljs', null ]
9 verbose cache add spec libxmljs
10 silly cache add parsed spec Result {
10 silly cache add   raw: 'libxmljs',
10 silly cache add   scope: null,
10 silly cache add   name: 'libxmljs',
10 silly cache add   rawSpec: '',
10 silly cache add   spec: 'latest',
10 silly cache add   type: 'tag' }
11 silly addNamed libxmljs@latest
12 verbose addNamed "latest" is being treated as a dist-tag for libxmljs
13 info addNameTag [ 'libxmljs', 'latest' ]
14 silly mapToRegistry name libxmljs
15 silly mapToRegistry using default registry
16 silly mapToRegistry registry https://registry.npmjs.org/
17 silly mapToRegistry data Result {
17 silly mapToRegistry   raw: 'libxmljs',
17 silly mapToRegistry   scope: null,
17 silly mapToRegistry   name: 'libxmljs',
17 silly mapToRegistry   rawSpec: '',
17 silly mapToRegistry   spec: 'latest',
17 silly mapToRegistry   type: 'tag' }
18 silly mapToRegistry uri https://registry.npmjs.org/libxmljs
19 verbose addNameTag registry:https://registry.npmjs.org/libxmljs not in flight; fetching
20 verbose request uri https://registry.npmjs.org/libxmljs
21 verbose request no auth needed
22 info attempt registry request try #1 at 2:10:40 AM
23 verbose request id 78578a4fe78f33b4
24 verbose etag "1B2NWWHRTNQ7Y1HHWK0MU090T"
25 http request GET https://registry.npmjs.org/libxmljs
26 http 304 https://registry.npmjs.org/libxmljs
27 verbose headers { date: 'Sat, 12 Nov 2016 10:10:38 GMT',
27 verbose headers   via: '1.1 varnish',
27 verbose headers   'cache-control': 'max-age=300',
27 verbose headers   etag: '"1B2NWWHRTNQ7Y1HHWK0MU090T"',
27 verbose headers   age: '109',
27 verbose headers   connection: 'keep-alive',
27 verbose headers   'x-served-by': 'cache-sjc3635-SJC',
27 verbose headers   'x-cache': 'HIT',
27 verbose headers   'x-cache-hits': '1',
27 verbose headers   'x-timer': 'S1478945438.628562,VS0,VE0',
27 verbose headers   vary: 'Accept-Encoding' }
28 silly get cb [ 304,
28 silly get   { date: 'Sat, 12 Nov 2016 10:10:38 GMT',
28 silly get     via: '1.1 varnish',
28 silly get     'cache-control': 'max-age=300',
28 silly get     etag: '"1B2NWWHRTNQ7Y1HHWK0MU090T"',
28 silly get     age: '109',
28 silly get     connection: 'keep-alive',
28 silly get     'x-served-by': 'cache-sjc3635-SJC',
28 silly get     'x-cache': 'HIT',
28 silly get     'x-cache-hits': '1',
28 silly get     'x-timer': 'S1478945438.628562,VS0,VE0',
28 silly get     vary: 'Accept-Encoding' } ]
29 verbose etag https://registry.npmjs.org/libxmljs from cache
30 verbose get saving libxmljs to C:\Users\yiupang\AppData\Roaming\npm-cache\registry.npmjs.org\libxmljs\.cache.json
31 verbose correctMkdir C:\Users\yiupang\AppData\Roaming\npm-cache correctMkdir not in flight; initializing
32 silly addNameTag next cb for libxmljs with tag latest
33 silly addNamed libxmljs@0.18.0
34 verbose addNamed "0.18.0" is a plain semver version for libxmljs
35 silly cache afterAdd libxmljs@0.18.0
36 verbose afterAdd C:\Users\yiupang\AppData\Roaming\npm-cache\libxmljs\0.18.0\package\package.json not in flight; writing
37 verbose correctMkdir C:\Users\yiupang\AppData\Roaming\npm-cache correctMkdir not in flight; initializing
38 verbose afterAdd C:\Users\yiupang\AppData\Roaming\npm-cache\libxmljs\0.18.0\package\package.json written
39 silly install resolved [ { name: 'libxmljs',
39 silly install resolved     author: { name: 'Marco Rogers' },
39 silly install resolved     contributors: [ [Object] ],
39 silly install resolved     description: 'libxml bindings for v8 javascript engine',
39 silly install resolved     version: '0.18.0',
39 silly install resolved     scripts:
39 silly install resolved      { test: 'node --expose_gc ./node_modules/.bin/nodeunit test',
39 silly install resolved        install: 'node-gyp rebuild' },
39 silly install resolved     repository:
39 silly install resolved      { type: 'git',
39 silly install resolved        url: 'git+ssh://git@github.com/polotek/libxmljs.git' },
39 silly install resolved     bugs: { url: 'http://github.com/polotek/libxmljs/issues' },
39 silly install resolved     main: './index',
39 silly install resolved     license: 'MIT',
39 silly install resolved     engines: { node: '>=0.8.0' },
39 silly install resolved     dependencies: { bindings: '1.2.1', nan: '2.3.2' },
39 silly install resolved     devDependencies: { nodeunit: '0.9.0' },
39 silly install resolved     gypfile: true,
39 silly install resolved     gitHead: 'a117c5923e2bed5e7fffa67c0a5b24c62a6970e8',
39 silly install resolved     homepage: 'https://github.com/polotek/libxmljs#readme',
39 silly install resolved     _id: 'libxmljs@0.18.0',
39 silly install resolved     _shasum: 'e2993dcf28e4dc60e73486e2db6225dc24d18531',
39 silly install resolved     _from: 'libxmljs@latest',
39 silly install resolved     _npmVersion: '3.8.9',
39 silly install resolved     _nodeVersion: '6.2.0',
39 silly install resolved     _npmUser: { name: 'defunctzombie', email: 'shtylman@gmail.com' },
39 silly install resolved     dist:
39 silly install resolved      { shasum: 'e2993dcf28e4dc60e73486e2db6225dc24d18531',
39 silly install resolved        tarball: 'https://registry.npmjs.org/libxmljs/-/libxmljs-0.18.0.tgz' },
39 silly install resolved     maintainers: [ [Object], [Object] ],
39 silly install resolved     _npmOperationalInternal:
39 silly install resolved      { host: 'packages-12-west.internal.npmjs.com',
39 silly install resolved        tmp: 'tmp/libxmljs-0.18.0.tgz_1463968639662_0.2564493091776967' },
39 silly install resolved     directories: {},
39 silly install resolved     _resolved: 'https://registry.npmjs.org/libxmljs/-/libxmljs-0.18.0.tgz',
39 silly install resolved     readme: 'ERROR: No README data found!' } ]
40 info install libxmljs@0.18.0 into C:\Users\yiupang\Documents\GitHub\Oracle
41 info installOne libxmljs@0.18.0
42 verbose installOne of libxmljs to C:\Users\yiupang\Documents\GitHub\Oracle not in flight; installing
43 verbose correctMkdir C:\Users\yiupang\AppData\Roaming\npm-cache\_locks correctMkdir not in flight; initializing
44 verbose lock using C:\Users\yiupang\AppData\Roaming\npm-cache\_locks\libxmljs-00435bfb11f14d6a.lock for C:\Users\yiupang\Documents\GitHub\Oracle\node_modules\libxmljs
45 silly install write writing libxmljs 0.18.0 to C:\Users\yiupang\Documents\GitHub\Oracle\node_modules\libxmljs
46 verbose unbuild node_modules\libxmljs
47 silly gentlyRm C:\Users\yiupang\Documents\GitHub\Oracle\node_modules\libxmljs is being purged from base C:\Users\yiupang\Documents\GitHub\Oracle
48 verbose gentlyRm don't care about contents; nuking C:\Users\yiupang\Documents\GitHub\Oracle\node_modules\libxmljs
49 verbose tar unpack C:\Users\yiupang\AppData\Roaming\npm-cache\libxmljs\0.18.0\package.tgz
50 verbose tar unpacking to C:\Users\yiupang\Documents\GitHub\Oracle\node_modules\libxmljs
51 silly gentlyRm C:\Users\yiupang\Documents\GitHub\Oracle\node_modules\libxmljs is being purged
52 verbose gentlyRm don't care about contents; nuking C:\Users\yiupang\Documents\GitHub\Oracle\node_modules\libxmljs
53 silly gunzTarPerm modes [ '777', '666' ]
54 silly gunzTarPerm extractEntry package.json
55 silly gunzTarPerm modified mode [ 'package.json', 420, 438 ]
56 silly gunzTarPerm extractEntry .npmignore
57 silly gunzTarPerm modified mode [ '.npmignore', 420, 438 ]
58 silly gunzTarPerm extractEntry README.md
59 silly gunzTarPerm modified mode [ 'README.md', 420, 438 ]
60 silly gunzTarPerm extractEntry LICENSE
61 silly gunzTarPerm modified mode [ 'LICENSE', 420, 438 ]
62 silly gunzTarPerm extractEntry index.js
63 silly gunzTarPerm modified mode [ 'index.js', 420, 438 ]
64 silly gunzTarPerm extractEntry examples/cdata.js
65 silly gunzTarPerm modified mode [ 'examples/cdata.js', 420, 438 ]
66 silly gunzTarPerm extractEntry binding.gyp
67 silly gunzTarPerm modified mode [ 'binding.gyp', 420, 438 ]
68 silly gunzTarPerm extractEntry Makefile
69 silly gunzTarPerm modified mode [ 'Makefile', 420, 438 ]
70 silly gunzTarPerm extractEntry lib/bindings.js
71 silly gunzTarPerm modified mode [ 'lib/bindings.js', 420, 438 ]
72 silly gunzTarPerm extractEntry lib/comment.js
73 silly gunzTarPerm modified mode [ 'lib/comment.js', 420, 438 ]
74 silly gunzTarPerm extractEntry lib/document.js
75 silly gunzTarPerm modified mode [ 'lib/document.js', 420, 438 ]
76 silly gunzTarPerm extractEntry lib/element.js
77 silly gunzTarPerm modified mode [ 'lib/element.js', 420, 438 ]
78 silly gunzTarPerm extractEntry lib/sax_parser.js
79 silly gunzTarPerm modified mode [ 'lib/sax_parser.js', 420, 438 ]
80 silly gunzTarPerm extractEntry lib/text.js
81 silly gunzTarPerm modified mode [ 'lib/text.js', 420, 438 ]
82 silly gunzTarPerm extractEntry test/attribute.js
83 silly gunzTarPerm modified mode [ 'test/attribute.js', 420, 438 ]
84 silly gunzTarPerm extractEntry test/html_parser.js
85 silly gunzTarPerm modified mode [ 'test/html_parser.js', 420, 438 ]
86 silly gunzTarPerm extractEntry test/main.js
87 silly gunzTarPerm modified mode [ 'test/main.js', 420, 438 ]
88 silly gunzTarPerm extractEntry test/memory_management.js
89 silly gunzTarPerm modified mode [ 'test/memory_management.js', 420, 438 ]
90 silly gunzTarPerm extractEntry test/xml_sax_parser.js
91 silly gunzTarPerm modified mode [ 'test/xml_sax_parser.js', 420, 438 ]
92 silly gunzTarPerm extractEntry test/comment.js
93 silly gunzTarPerm modified mode [ 'test/comment.js', 420, 438 ]
94 silly gunzTarPerm extractEntry test/ref_integrity.js
95 silly gunzTarPerm modified mode [ 'test/ref_integrity.js', 420, 438 ]
96 silly gunzTarPerm extractEntry test/searching.js
97 silly gunzTarPerm modified mode [ 'test/searching.js', 420, 438 ]
98 silly gunzTarPerm extractEntry test/text.js
99 silly gunzTarPerm modified mode [ 'test/text.js', 420, 438 ]
100 silly gunzTarPerm extractEntry test/text_node.js
101 silly gunzTarPerm modified mode [ 'test/text_node.js', 420, 438 ]
102 silly gunzTarPerm extractEntry test/element.js
103 silly gunzTarPerm modified mode [ 'test/element.js', 420, 438 ]
104 silly gunzTarPerm extractEntry test/traversal.js
105 silly gunzTarPerm modified mode [ 'test/traversal.js', 420, 438 ]
106 silly gunzTarPerm extractEntry test/document.js
107 silly gunzTarPerm modified mode [ 'test/document.js', 420, 438 ]
108 silly gunzTarPerm extractEntry test/xml_parser.js
109 silly gunzTarPerm modified mode [ 'test/xml_parser.js', 420, 438 ]
110 silly gunzTarPerm extractEntry test/namespace.js
111 silly gunzTarPerm modified mode [ 'test/namespace.js', 420, 438 ]
112 silly gunzTarPerm extractEntry test/z_memory_leak.js
113 silly gunzTarPerm modified mode [ 'test/z_memory_leak.js', 420, 438 ]
114 silly gunzTarPerm extractEntry test/node_attributes.js
115 silly gunzTarPerm modified mode [ 'test/node_attributes.js', 420, 438 ]
116 silly gunzTarPerm extractEntry test/fixtures/baseurl.dtd
117 silly gunzTarPerm modified mode [ 'test/fixtures/baseurl.dtd', 493, 511 ]
118 silly gunzTarPerm extractEntry test/fixtures/errors/comment.xml
119 silly gunzTarPerm modified mode [ 'test/fixtures/errors/comment.xml', 420, 438 ]
120 silly gunzTarPerm extractEntry test/fixtures/parser-utf16.xml
121 silly gunzTarPerm modified mode [ 'test/fixtures/parser-utf16.xml', 420, 438 ]
122 silly gunzTarPerm extractEntry test/fixtures/parser.euc_jp.html
123 silly gunzTarPerm modified mode [ 'test/fixtures/parser.euc_jp.html', 420, 438 ]
124 silly gunzTarPerm extractEntry test/fixtures/parser.html
125 silly gunzTarPerm modified mode [ 'test/fixtures/parser.html', 420, 438 ]
126 silly gunzTarPerm extractEntry test/fixtures/parser.xml
127 silly gunzTarPerm modified mode [ 'test/fixtures/parser.xml', 420, 438 ]
128 silly gunzTarPerm extractEntry test/fixtures/sax_parser.xml
129 silly gunzTarPerm modified mode [ 'test/fixtures/sax_parser.xml', 420, 438 ]
130 silly gunzTarPerm extractEntry test/fixtures/warnings/amp.html
131 silly gunzTarPerm modified mode [ 'test/fixtures/warnings/amp.html', 420, 438 ]
132 silly gunzTarPerm extractEntry test/fixtures/warnings/ent9.xml
133 silly gunzTarPerm modified mode [ 'test/fixtures/warnings/ent9.xml', 420, 438 ]
134 silly gunzTarPerm extractEntry .travis.yml
135 silly gunzTarPerm modified mode [ '.travis.yml', 420, 438 ]
136 silly gunzTarPerm extractEntry src/xml_namespace.cc
137 silly gunzTarPerm modified mode [ 'src/xml_namespace.cc', 420, 438 ]
138 silly gunzTarPerm extractEntry src/html_document.cc
139 silly gunzTarPerm modified mode [ 'src/html_document.cc', 420, 438 ]
140 silly gunzTarPerm extractEntry src/libxmljs.cc
141 silly gunzTarPerm modified mode [ 'src/libxmljs.cc', 420, 438 ]
142 silly gunzTarPerm extractEntry src/libxmljs.h
143 silly gunzTarPerm modified mode [ 'src/libxmljs.h', 420, 438 ]
144 silly gunzTarPerm extractEntry src/xml_attribute.cc
145 silly gunzTarPerm modified mode [ 'src/xml_attribute.cc', 420, 438 ]
146 silly gunzTarPerm extractEntry src/xml_attribute.h
147 silly gunzTarPerm modified mode [ 'src/xml_attribute.h', 420, 438 ]
148 silly gunzTarPerm extractEntry src/xml_comment.cc
149 silly gunzTarPerm modified mode [ 'src/xml_comment.cc', 420, 438 ]
150 silly gunzTarPerm extractEntry src/xml_comment.h
151 silly gunzTarPerm modified mode [ 'src/xml_comment.h', 420, 438 ]
152 silly gunzTarPerm extractEntry src/xml_document.cc
153 silly gunzTarPerm modified mode [ 'src/xml_document.cc', 420, 438 ]
154 silly gunzTarPerm extractEntry src/xml_document.h
155 silly gunzTarPerm modified mode [ 'src/xml_document.h', 420, 438 ]
156 silly gunzTarPerm extractEntry src/xml_element.cc
157 silly gunzTarPerm modified mode [ 'src/xml_element.cc', 420, 438 ]
158 silly gunzTarPerm extractEntry src/xml_element.h
159 silly gunzTarPerm modified mode [ 'src/xml_element.h', 420, 438 ]
160 silly gunzTarPerm extractEntry src/html_document.h
161 silly gunzTarPerm modified mode [ 'src/html_document.h', 420, 438 ]
162 silly gunzTarPerm extractEntry src/xml_namespace.h
163 silly gunzTarPerm modified mode [ 'src/xml_namespace.h', 420, 438 ]
164 silly gunzTarPerm extractEntry src/xml_node.cc
165 silly gunzTarPerm modified mode [ 'src/xml_node.cc', 420, 438 ]
166 silly gunzTarPerm extractEntry src/xml_node.h
167 silly gunzTarPerm modified mode [ 'src/xml_node.h', 420, 438 ]
168 silly gunzTarPerm extractEntry src/xml_sax_parser.cc
169 silly gunzTarPerm modified mode [ 'src/xml_sax_parser.cc', 420, 438 ]
170 silly gunzTarPerm extractEntry src/xml_sax_parser.h
171 silly gunzTarPerm modified mode [ 'src/xml_sax_parser.h', 420, 438 ]
172 silly gunzTarPerm extractEntry src/xml_syntax_error.cc
173 silly gunzTarPerm modified mode [ 'src/xml_syntax_error.cc', 420, 438 ]
174 silly gunzTarPerm extractEntry src/xml_syntax_error.h
175 silly gunzTarPerm modified mode [ 'src/xml_syntax_error.h', 420, 438 ]
176 silly gunzTarPerm extractEntry src/xml_text.cc
177 silly gunzTarPerm modified mode [ 'src/xml_text.cc', 420, 438 ]
178 silly gunzTarPerm extractEntry src/xml_text.h
179 silly gunzTarPerm modified mode [ 'src/xml_text.h', 420, 438 ]
180 silly gunzTarPerm extractEntry src/xml_xpath_context.cc
181 silly gunzTarPerm modified mode [ 'src/xml_xpath_context.cc', 420, 438 ]
182 silly gunzTarPerm extractEntry src/xml_xpath_context.h
183 silly gunzTarPerm modified mode [ 'src/xml_xpath_context.h', 420, 438 ]
184 silly gunzTarPerm extractEntry vendor/libxml/schematron.c
185 silly gunzTarPerm modified mode [ 'vendor/libxml/schematron.c', 420, 438 ]
186 silly gunzTarPerm extractEntry vendor/libxml/DOCBparser.c
187 silly gunzTarPerm modified mode [ 'vendor/libxml/DOCBparser.c', 420, 438 ]
188 silly gunzTarPerm extractEntry vendor/libxml/HTMLtree.c
189 silly gunzTarPerm modified mode [ 'vendor/libxml/HTMLtree.c', 420, 438 ]
190 silly gunzTarPerm extractEntry vendor/libxml/SAX.c
191 silly gunzTarPerm modified mode [ 'vendor/libxml/SAX.c', 420, 438 ]
192 silly gunzTarPerm extractEntry vendor/libxml/SAX2.c
193 silly gunzTarPerm modified mode [ 'vendor/libxml/SAX2.c', 420, 438 ]
194 silly gunzTarPerm extractEntry vendor/libxml/buf.c
195 silly gunzTarPerm modified mode [ 'vendor/libxml/buf.c', 420, 438 ]
196 silly gunzTarPerm extractEntry vendor/libxml/buf.h
197 silly gunzTarPerm modified mode [ 'vendor/libxml/buf.h', 420, 438 ]
198 silly gunzTarPerm extractEntry vendor/libxml/c14n.c
199 silly gunzTarPerm modified mode [ 'vendor/libxml/c14n.c', 420, 438 ]
200 silly gunzTarPerm extractEntry vendor/libxml/catalog.c
201 silly gunzTarPerm modified mode [ 'vendor/libxml/catalog.c', 420, 438 ]
202 silly gunzTarPerm extractEntry vendor/libxml/chvalid.c
203 silly gunzTarPerm modified mode [ 'vendor/libxml/chvalid.c', 420, 438 ]
204 silly gunzTarPerm extractEntry vendor/libxml/config.h
205 silly gunzTarPerm modified mode [ 'vendor/libxml/config.h', 420, 438 ]
206 silly gunzTarPerm extractEntry vendor/libxml/debugXML.c
207 silly gunzTarPerm modified mode [ 'vendor/libxml/debugXML.c', 420, 438 ]
208 silly gunzTarPerm extractEntry vendor/libxml/dict.c
209 silly gunzTarPerm modified mode [ 'vendor/libxml/dict.c', 420, 438 ]
210 silly gunzTarPerm extractEntry vendor/libxml/elfgcchack.h
211 silly gunzTarPerm modified mode [ 'vendor/libxml/elfgcchack.h', 420, 438 ]
212 silly gunzTarPerm extractEntry vendor/libxml/enc.h
213 silly gunzTarPerm modified mode [ 'vendor/libxml/enc.h', 420, 438 ]
214 silly gunzTarPerm extractEntry vendor/libxml/encoding.c
215 silly gunzTarPerm modified mode [ 'vendor/libxml/encoding.c', 420, 438 ]
216 silly gunzTarPerm extractEntry vendor/libxml/entities.c
217 silly gunzTarPerm modified mode [ 'vendor/libxml/entities.c', 420, 438 ]
218 silly gunzTarPerm extractEntry vendor/libxml/error.c
219 silly gunzTarPerm modified mode [ 'vendor/libxml/error.c', 420, 438 ]
220 silly gunzTarPerm extractEntry vendor/libxml/globals.c
221 silly gunzTarPerm modified mode [ 'vendor/libxml/globals.c', 420, 438 ]
222 silly gunzTarPerm extractEntry vendor/libxml/hash.c
223 silly gunzTarPerm modified mode [ 'vendor/libxml/hash.c', 420, 438 ]
224 silly gunzTarPerm extractEntry vendor/libxml/include/libxml/schematron.h
225 silly gunzTarPerm modified mode [ 'vendor/libxml/include/libxml/schematron.h', 420, 438 ]
226 silly gunzTarPerm extractEntry vendor/libxml/include/libxml/DOCBparser.h
227 silly gunzTarPerm modified mode [ 'vendor/libxml/include/libxml/DOCBparser.h', 420, 438 ]
228 silly gunzTarPerm extractEntry vendor/libxml/include/libxml/HTMLtree.h
229 silly gunzTarPerm modified mode [ 'vendor/libxml/include/libxml/HTMLtree.h', 420, 438 ]
230 silly gunzTarPerm extractEntry vendor/libxml/include/libxml/Makefile
231 silly gunzTarPerm modified mode [ 'vendor/libxml/include/libxml/Makefile', 420, 438 ]
232 silly gunzTarPerm extractEntry vendor/libxml/include/libxml/Makefile.am
233 silly gunzTarPerm modified mode [ 'vendor/libxml/include/libxml/Makefile.am', 420, 438 ]
234 silly gunzTarPerm extractEntry vendor/libxml/include/libxml/Makefile.in
235 silly gunzTarPerm modified mode [ 'vendor/libxml/include/libxml/Makefile.in', 420, 438 ]
236 silly gunzTarPerm extractEntry vendor/libxml/include/libxml/SAX.h
237 silly gunzTarPerm modified mode [ 'vendor/libxml/include/libxml/SAX.h', 420, 438 ]
238 silly gunzTarPerm extractEntry vendor/libxml/include/libxml/SAX2.h
239 silly gunzTarPerm modified mode [ 'vendor/libxml/include/libxml/SAX2.h', 420, 438 ]
240 silly gunzTarPerm extractEntry vendor/libxml/include/libxml/c14n.h
241 silly gunzTarPerm modified mode [ 'vendor/libxml/include/libxml/c14n.h', 420, 438 ]
242 silly gunzTarPerm extractEntry vendor/libxml/include/libxml/catalog.h
243 silly gunzTarPerm modified mode [ 'vendor/libxml/include/libxml/catalog.h', 420, 438 ]
244 silly gunzTarPerm extractEntry vendor/libxml/include/libxml/chvalid.h
245 silly gunzTarPerm modified mode [ 'vendor/libxml/include/libxml/chvalid.h', 420, 438 ]
246 silly gunzTarPerm extractEntry vendor/libxml/include/libxml/debugXML.h
247 silly gunzTarPerm modified mode [ 'vendor/libxml/include/libxml/debugXML.h', 420, 438 ]
248 silly gunzTarPerm extractEntry vendor/libxml/include/libxml/dict.h
249 silly gunzTarPerm modified mode [ 'vendor/libxml/include/libxml/dict.h', 420, 438 ]
250 silly gunzTarPerm extractEntry vendor/libxml/include/libxml/encoding.h
251 silly gunzTarPerm modified mode [ 'vendor/libxml/include/libxml/encoding.h', 420, 438 ]
252 silly gunzTarPerm extractEntry vendor/libxml/include/libxml/entities.h
253 silly gunzTarPerm modified mode [ 'vendor/libxml/include/libxml/entities.h', 420, 438 ]
254 silly gunzTarPerm extractEntry vendor/libxml/include/libxml/globals.h
255 silly gunzTarPerm modified mode [ 'vendor/libxml/include/libxml/globals.h', 420, 438 ]
256 silly gunzTarPerm extractEntry vendor/libxml/include/libxml/hash.h
257 silly gunzTarPerm modified mode [ 'vendor/libxml/include/libxml/hash.h', 420, 438 ]
258 silly gunzTarPerm extractEntry vendor/libxml/include/libxml/list.h
259 silly gunzTarPerm modified mode [ 'vendor/libxml/include/libxml/list.h', 420, 438 ]
260 silly gunzTarPerm extractEntry vendor/libxml/include/libxml/nanoftp.h
261 silly gunzTarPerm modified mode [ 'vendor/libxml/include/libxml/nanoftp.h', 420, 438 ]
262 silly gunzTarPerm extractEntry vendor/libxml/include/libxml/nanohttp.h
263 silly gunzTarPerm modified mode [ 'vendor/libxml/include/libxml/nanohttp.h', 420, 438 ]
264 silly gunzTarPerm extractEntry vendor/libxml/include/libxml/parser.h
265 silly gunzTarPerm modified mode [ 'vendor/libxml/include/libxml/parser.h', 420, 438 ]
266 silly gunzTarPerm extractEntry vendor/libxml/include/libxml/parserInternals.h
267 silly gunzTarPerm modified mode [ 'vendor/libxml/include/libxml/parserInternals.h', 420, 438 ]
268 silly gunzTarPerm extractEntry vendor/libxml/include/libxml/pattern.h
269 silly gunzTarPerm modified mode [ 'vendor/libxml/include/libxml/pattern.h', 420, 438 ]
270 silly gunzTarPerm extractEntry vendor/libxml/include/libxml/relaxng.h
271 silly gunzTarPerm modified mode [ 'vendor/libxml/include/libxml/relaxng.h', 420, 438 ]
272 silly gunzTarPerm extractEntry vendor/libxml/include/libxml/schemasInternals.h
273 silly gunzTarPerm modified mode [ 'vendor/libxml/include/libxml/schemasInternals.h', 420, 438 ]
274 silly gunzTarPerm extractEntry vendor/libxml/include/libxml/HTMLparser.h
275 silly gunzTarPerm modified mode [ 'vendor/libxml/include/libxml/HTMLparser.h', 420, 438 ]
276 silly gunzTarPerm extractEntry vendor/libxml/include/libxml/threads.h
277 silly gunzTarPerm modified mode [ 'vendor/libxml/include/libxml/threads.h', 420, 438 ]
278 silly gunzTarPerm extractEntry vendor/libxml/include/libxml/tree.h
279 silly gunzTarPerm modified mode [ 'vendor/libxml/include/libxml/tree.h', 420, 438 ]
280 silly gunzTarPerm extractEntry vendor/libxml/include/libxml/uri.h
281 silly gunzTarPerm modified mode [ 'vendor/libxml/include/libxml/uri.h', 420, 438 ]
282 silly gunzTarPerm extractEntry vendor/libxml/include/libxml/valid.h
283 silly gunzTarPerm modified mode [ 'vendor/libxml/include/libxml/valid.h', 420, 438 ]
284 silly gunzTarPerm extractEntry vendor/libxml/include/libxml/xinclude.h
285 silly gunzTarPerm modified mode [ 'vendor/libxml/include/libxml/xinclude.h', 420, 438 ]
286 silly gunzTarPerm extractEntry vendor/libxml/include/libxml/xlink.h
287 silly gunzTarPerm modified mode [ 'vendor/libxml/include/libxml/xlink.h', 420, 438 ]
288 silly gunzTarPerm extractEntry vendor/libxml/include/libxml/xmlIO.h
289 silly gunzTarPerm modified mode [ 'vendor/libxml/include/libxml/xmlIO.h', 420, 438 ]
290 silly gunzTarPerm extractEntry vendor/libxml/include/libxml/xmlautomata.h
291 silly gunzTarPerm modified mode [ 'vendor/libxml/include/libxml/xmlautomata.h', 420, 438 ]
292 silly gunzTarPerm extractEntry vendor/libxml/include/libxml/xmlerror.h
293 silly gunzTarPerm modified mode [ 'vendor/libxml/include/libxml/xmlerror.h', 420, 438 ]
294 silly gunzTarPerm extractEntry vendor/libxml/include/libxml/xmlexports.h
295 silly gunzTarPerm modified mode [ 'vendor/libxml/include/libxml/xmlexports.h', 420, 438 ]
296 silly gunzTarPerm extractEntry vendor/libxml/include/libxml/xmlmemory.h
297 silly gunzTarPerm modified mode [ 'vendor/libxml/include/libxml/xmlmemory.h', 420, 438 ]
298 silly gunzTarPerm extractEntry vendor/libxml/include/libxml/xmlmodule.h
299 silly gunzTarPerm modified mode [ 'vendor/libxml/include/libxml/xmlmodule.h', 420, 438 ]
300 silly gunzTarPerm extractEntry vendor/libxml/include/libxml/xmlreader.h
301 silly gunzTarPerm modified mode [ 'vendor/libxml/include/libxml/xmlreader.h', 420, 438 ]
302 silly gunzTarPerm extractEntry vendor/libxml/include/libxml/xmlregexp.h
303 silly gunzTarPerm modified mode [ 'vendor/libxml/include/libxml/xmlregexp.h', 420, 438 ]
304 silly gunzTarPerm extractEntry vendor/libxml/include/libxml/xmlsave.h
305 silly gunzTarPerm modified mode [ 'vendor/libxml/include/libxml/xmlsave.h', 420, 438 ]
306 silly gunzTarPerm extractEntry vendor/libxml/include/libxml/xmlschemas.h
307 silly gunzTarPerm modified mode [ 'vendor/libxml/include/libxml/xmlschemas.h', 420, 438 ]
308 silly gunzTarPerm extractEntry vendor/libxml/include/libxml/xmlschemastypes.h
309 silly gunzTarPerm modified mode [ 'vendor/libxml/include/libxml/xmlschemastypes.h', 420, 438 ]
310 silly gunzTarPerm extractEntry vendor/libxml/include/libxml/xmlstring.h
311 silly gunzTarPerm modified mode [ 'vendor/libxml/include/libxml/xmlstring.h', 420, 438 ]
312 silly gunzTarPerm extractEntry vendor/libxml/include/libxml/xmlunicode.h
313 silly gunzTarPerm modified mode [ 'vendor/libxml/include/libxml/xmlunicode.h', 420, 438 ]
314 silly gunzTarPerm extractEntry vendor/libxml/include/libxml/xmlversion.h
315 silly gunzTarPerm modified mode [ 'vendor/libxml/include/libxml/xmlversion.h', 420, 438 ]
316 silly gunzTarPerm extractEntry vendor/libxml/include/libxml/xmlwriter.h
317 silly gunzTarPerm modified mode [ 'vendor/libxml/include/libxml/xmlwriter.h', 420, 438 ]
318 silly gunzTarPerm extractEntry vendor/libxml/include/libxml/xpath.h
319 silly gunzTarPerm modified mode [ 'vendor/libxml/include/libxml/xpath.h', 420, 438 ]
320 silly gunzTarPerm extractEntry vendor/libxml/include/libxml/xpathInternals.h
321 silly gunzTarPerm modified mode [ 'vendor/libxml/include/libxml/xpathInternals.h', 420, 438 ]
322 silly gunzTarPerm extractEntry vendor/libxml/include/libxml/xpointer.h
323 silly gunzTarPerm modified mode [ 'vendor/libxml/include/libxml/xpointer.h', 420, 438 ]
324 silly gunzTarPerm extractEntry vendor/libxml/include/win32config.h
325 silly gunzTarPerm modified mode [ 'vendor/libxml/include/win32config.h', 420, 438 ]
326 silly gunzTarPerm extractEntry vendor/libxml/include/wsockcompat.h
327 silly gunzTarPerm modified mode [ 'vendor/libxml/include/wsockcompat.h', 420, 438 ]
328 silly gunzTarPerm extractEntry vendor/libxml/legacy.c
329 silly gunzTarPerm modified mode [ 'vendor/libxml/legacy.c', 420, 438 ]
330 silly gunzTarPerm extractEntry vendor/libxml/libxml.gyp
331 silly gunzTarPerm modified mode [ 'vendor/libxml/libxml.gyp', 420, 438 ]
332 silly gunzTarPerm extractEntry vendor/libxml/libxml.h
333 silly gunzTarPerm modified mode [ 'vendor/libxml/libxml.h', 420, 438 ]
334 silly gunzTarPerm extractEntry vendor/libxml/list.c
335 silly gunzTarPerm modified mode [ 'vendor/libxml/list.c', 420, 438 ]
336 silly gunzTarPerm extractEntry vendor/libxml/nanoftp.c
337 silly gunzTarPerm modified mode [ 'vendor/libxml/nanoftp.c', 420, 438 ]
338 silly gunzTarPerm extractEntry vendor/libxml/nanohttp.c
339 silly gunzTarPerm modified mode [ 'vendor/libxml/nanohttp.c', 420, 438 ]
340 silly gunzTarPerm extractEntry vendor/libxml/parser.c
341 silly gunzTarPerm modified mode [ 'vendor/libxml/parser.c', 420, 438 ]
342 silly gunzTarPerm extractEntry vendor/libxml/parserInternals.c
343 silly gunzTarPerm modified mode [ 'vendor/libxml/parserInternals.c', 420, 438 ]
344 silly gunzTarPerm extractEntry vendor/libxml/pattern.c
345 silly gunzTarPerm modified mode [ 'vendor/libxml/pattern.c', 420, 438 ]
346 silly gunzTarPerm extractEntry vendor/libxml/relaxng.c
347 silly gunzTarPerm modified mode [ 'vendor/libxml/relaxng.c', 420, 438 ]
348 silly gunzTarPerm extractEntry vendor/libxml/runsuite.c
349 silly gunzTarPerm modified mode [ 'vendor/libxml/runsuite.c', 420, 438 ]
350 silly gunzTarPerm extractEntry vendor/libxml/save.h
351 silly gunzTarPerm modified mode [ 'vendor/libxml/save.h', 420, 438 ]
352 silly gunzTarPerm extractEntry vendor/libxml/HTMLparser.c
353 silly gunzTarPerm modified mode [ 'vendor/libxml/HTMLparser.c', 420, 438 ]
354 silly gunzTarPerm extractEntry vendor/libxml/threads.c
355 silly gunzTarPerm modified mode [ 'vendor/libxml/threads.c', 420, 438 ]
356 silly gunzTarPerm extractEntry vendor/libxml/timsort.h
357 silly gunzTarPerm modified mode [ 'vendor/libxml/timsort.h', 420, 438 ]
358 silly gunzTarPerm extractEntry vendor/libxml/tree.c
359 silly gunzTarPerm modified mode [ 'vendor/libxml/tree.c', 420, 438 ]
360 silly gunzTarPerm extractEntry vendor/libxml/trio.c
361 silly gunzTarPerm modified mode [ 'vendor/libxml/trio.c', 420, 438 ]
362 silly gunzTarPerm extractEntry vendor/libxml/trio.h
363 silly gunzTarPerm modified mode [ 'vendor/libxml/trio.h', 420, 438 ]
364 silly gunzTarPerm extractEntry vendor/libxml/triodef.h
365 silly gunzTarPerm modified mode [ 'vendor/libxml/triodef.h', 420, 438 ]
366 silly gunzTarPerm extractEntry vendor/libxml/trionan.c
367 silly gunzTarPerm modified mode [ 'vendor/libxml/trionan.c', 420, 438 ]
368 silly gunzTarPerm extractEntry vendor/libxml/trionan.h
369 silly gunzTarPerm modified mode [ 'vendor/libxml/trionan.h', 420, 438 ]
370 silly gunzTarPerm extractEntry vendor/libxml/triop.h
371 silly gunzTarPerm modified mode [ 'vendor/libxml/triop.h', 420, 438 ]
372 silly gunzTarPerm extractEntry vendor/libxml/triostr.c
373 silly gunzTarPerm modified mode [ 'vendor/libxml/triostr.c', 420, 438 ]
374 silly gunzTarPerm extractEntry vendor/libxml/triostr.h
375 silly gunzTarPerm modified mode [ 'vendor/libxml/triostr.h', 420, 438 ]
376 silly gunzTarPerm extractEntry vendor/libxml/uri.c
377 silly gunzTarPerm modified mode [ 'vendor/libxml/uri.c', 420, 438 ]
378 silly gunzTarPerm extractEntry vendor/libxml/valid.c
379 silly gunzTarPerm modified mode [ 'vendor/libxml/valid.c', 420, 438 ]
380 silly gunzTarPerm extractEntry vendor/libxml/xinclude.c
381 silly gunzTarPerm modified mode [ 'vendor/libxml/xinclude.c', 420, 438 ]
382 silly gunzTarPerm extractEntry vendor/libxml/xlink.c
383 silly gunzTarPerm modified mode [ 'vendor/libxml/xlink.c', 420, 438 ]
384 silly gunzTarPerm extractEntry vendor/libxml/xmlIO.c
385 silly gunzTarPerm modified mode [ 'vendor/libxml/xmlIO.c', 420, 438 ]
386 silly gunzTarPerm extractEntry vendor/libxml/xmlcatalog.c
387 silly gunzTarPerm modified mode [ 'vendor/libxml/xmlcatalog.c', 420, 438 ]
388 silly gunzTarPerm extractEntry vendor/libxml/xmllint.c
389 silly gunzTarPerm modified mode [ 'vendor/libxml/xmllint.c', 420, 438 ]
390 silly gunzTarPerm extractEntry vendor/libxml/xmlmemory.c
391 silly gunzTarPerm modified mode [ 'vendor/libxml/xmlmemory.c', 420, 438 ]
392 silly gunzTarPerm extractEntry vendor/libxml/xmlmodule.c
393 silly gunzTarPerm modified mode [ 'vendor/libxml/xmlmodule.c', 420, 438 ]
394 silly gunzTarPerm extractEntry vendor/libxml/xmlreader.c
395 silly gunzTarPerm modified mode [ 'vendor/libxml/xmlreader.c', 420, 438 ]
396 silly gunzTarPerm extractEntry vendor/libxml/xmlregexp.c
397 silly gunzTarPerm modified mode [ 'vendor/libxml/xmlregexp.c', 420, 438 ]
398 silly gunzTarPerm extractEntry vendor/libxml/xmlsave.c
399 silly gunzTarPerm modified mode [ 'vendor/libxml/xmlsave.c', 420, 438 ]
400 silly gunzTarPerm extractEntry vendor/libxml/xmlschemas.c
401 silly gunzTarPerm modified mode [ 'vendor/libxml/xmlschemas.c', 420, 438 ]
402 silly gunzTarPerm extractEntry vendor/libxml/xmlschemastypes.c
403 silly gunzTarPerm modified mode [ 'vendor/libxml/xmlschemastypes.c', 420, 438 ]
404 silly gunzTarPerm extractEntry vendor/libxml/xmlstring.c
405 silly gunzTarPerm modified mode [ 'vendor/libxml/xmlstring.c', 420, 438 ]
406 silly gunzTarPerm extractEntry vendor/libxml/xmlunicode.c
407 silly gunzTarPerm modified mode [ 'vendor/libxml/xmlunicode.c', 420, 438 ]
408 silly gunzTarPerm extractEntry vendor/libxml/xmlwriter.c
409 silly gunzTarPerm modified mode [ 'vendor/libxml/xmlwriter.c', 420, 438 ]
410 silly gunzTarPerm extractEntry vendor/libxml/xpath.c
411 silly gunzTarPerm modified mode [ 'vendor/libxml/xpath.c', 420, 438 ]
412 silly gunzTarPerm extractEntry vendor/libxml/xpointer.c
413 silly gunzTarPerm modified mode [ 'vendor/libxml/xpointer.c', 420, 438 ]
414 silly gunzTarPerm extractEntry vendor/libxml/xzlib.c
415 silly gunzTarPerm modified mode [ 'vendor/libxml/xzlib.c', 420, 438 ]
416 silly gunzTarPerm extractEntry vendor/libxml/xzlib.h
417 silly gunzTarPerm modified mode [ 'vendor/libxml/xzlib.h', 420, 438 ]
418 verbose write writing to C:\Users\yiupang\Documents\GitHub\Oracle\node_modules\libxmljs\package.json
419 info preinstall libxmljs@0.18.0
420 verbose readDependencies loading dependencies from C:\Users\yiupang\Documents\GitHub\Oracle\node_modules\libxmljs\package.json
421 silly prepareForInstallMany adding bindings@1.2.1 from libxmljs dependencies
422 silly prepareForInstallMany adding nan@2.3.2 from libxmljs dependencies
423 verbose readDependencies loading dependencies from C:\Users\yiupang\Documents\GitHub\Oracle\node_modules\libxmljs\package.json
424 silly cache add args [ 'bindings@1.2.1', null ]
425 verbose cache add spec bindings@1.2.1
426 silly cache add args [ 'nan@2.3.2', null ]
427 verbose cache add spec nan@2.3.2
428 silly cache add parsed spec Result {
428 silly cache add   raw: 'bindings@1.2.1',
428 silly cache add   scope: null,
428 silly cache add   name: 'bindings',
428 silly cache add   rawSpec: '1.2.1',
428 silly cache add   spec: '1.2.1',
428 silly cache add   type: 'version' }
429 silly addNamed bindings@1.2.1
430 verbose addNamed "1.2.1" is a plain semver version for bindings
431 silly mapToRegistry name bindings
432 silly mapToRegistry using default registry
433 silly mapToRegistry registry https://registry.npmjs.org/
434 silly mapToRegistry data Result {
434 silly mapToRegistry   raw: 'bindings',
434 silly mapToRegistry   scope: null,
434 silly mapToRegistry   name: 'bindings',
434 silly mapToRegistry   rawSpec: '',
434 silly mapToRegistry   spec: 'latest',
434 silly mapToRegistry   type: 'tag' }
435 silly mapToRegistry uri https://registry.npmjs.org/bindings
436 verbose addNameVersion registry:https://registry.npmjs.org/bindings not in flight; fetching
437 silly cache add parsed spec Result {
437 silly cache add   raw: 'nan@2.3.2',
437 silly cache add   scope: null,
437 silly cache add   name: 'nan',
437 silly cache add   rawSpec: '2.3.2',
437 silly cache add   spec: '2.3.2',
437 silly cache add   type: 'version' }
438 silly addNamed nan@2.3.2
439 verbose addNamed "2.3.2" is a plain semver version for nan
440 silly mapToRegistry name nan
441 silly mapToRegistry using default registry
442 silly mapToRegistry registry https://registry.npmjs.org/
443 silly mapToRegistry data Result {
443 silly mapToRegistry   raw: 'nan',
443 silly mapToRegistry   scope: null,
443 silly mapToRegistry   name: 'nan',
443 silly mapToRegistry   rawSpec: '',
443 silly mapToRegistry   spec: 'latest',
443 silly mapToRegistry   type: 'tag' }
444 silly mapToRegistry uri https://registry.npmjs.org/nan
445 verbose addNameVersion registry:https://registry.npmjs.org/nan not in flight; fetching
446 verbose request uri https://registry.npmjs.org/bindings
447 verbose request no auth needed
448 info attempt registry request try #1 at 2:10:43 AM
449 verbose etag "8QW29MHCPCE6VJCVI3QVXRJAQ"
450 http request GET https://registry.npmjs.org/bindings
451 verbose request uri https://registry.npmjs.org/nan
452 verbose request no auth needed
453 info attempt registry request try #1 at 2:10:43 AM
454 verbose etag "64LN9YQI6X4XTPFBYZLET8KF2"
455 http request GET https://registry.npmjs.org/nan
456 http 304 https://registry.npmjs.org/bindings
457 verbose headers { date: 'Sat, 12 Nov 2016 10:10:41 GMT',
457 verbose headers   via: '1.1 varnish',
457 verbose headers   'cache-control': 'max-age=300',
457 verbose headers   etag: '"8QW29MHCPCE6VJCVI3QVXRJAQ"',
457 verbose headers   age: '43',
457 verbose headers   connection: 'keep-alive',
457 verbose headers   'x-served-by': 'cache-sjc3635-SJC',
457 verbose headers   'x-cache': 'HIT',
457 verbose headers   'x-cache-hits': '1',
457 verbose headers   'x-timer': 'S1478945441.151295,VS0,VE0',
457 verbose headers   vary: 'Accept-Encoding' }
458 silly get cb [ 304,
458 silly get   { date: 'Sat, 12 Nov 2016 10:10:41 GMT',
458 silly get     via: '1.1 varnish',
458 silly get     'cache-control': 'max-age=300',
458 silly get     etag: '"8QW29MHCPCE6VJCVI3QVXRJAQ"',
458 silly get     age: '43',
458 silly get     connection: 'keep-alive',
458 silly get     'x-served-by': 'cache-sjc3635-SJC',
458 silly get     'x-cache': 'HIT',
458 silly get     'x-cache-hits': '1',
458 silly get     'x-timer': 'S1478945441.151295,VS0,VE0',
458 silly get     vary: 'Accept-Encoding' } ]
459 verbose etag https://registry.npmjs.org/bindings from cache
460 verbose get saving bindings to C:\Users\yiupang\AppData\Roaming\npm-cache\registry.npmjs.org\bindings\.cache.json
461 verbose correctMkdir C:\Users\yiupang\AppData\Roaming\npm-cache correctMkdir not in flight; initializing
462 silly cache afterAdd bindings@1.2.1
463 verbose afterAdd C:\Users\yiupang\AppData\Roaming\npm-cache\bindings\1.2.1\package\package.json not in flight; writing
464 verbose correctMkdir C:\Users\yiupang\AppData\Roaming\npm-cache correctMkdir not in flight; initializing
465 verbose afterAdd C:\Users\yiupang\AppData\Roaming\npm-cache\bindings\1.2.1\package\package.json written
466 http 304 https://registry.npmjs.org/nan
467 verbose headers { date: 'Sat, 12 Nov 2016 10:10:41 GMT',
467 verbose headers   via: '1.1 varnish',
467 verbose headers   'cache-control': 'max-age=300',
467 verbose headers   etag: '"64LN9YQI6X4XTPFBYZLET8KF2"',
467 verbose headers   age: '43',
467 verbose headers   connection: 'keep-alive',
467 verbose headers   'x-served-by': 'cache-sjc3637-SJC',
467 verbose headers   'x-cache': 'HIT',
467 verbose headers   'x-cache-hits': '1',
467 verbose headers   'x-timer': 'S1478945441.172571,VS0,VE0',
467 verbose headers   vary: 'Accept-Encoding' }
468 silly get cb [ 304,
468 silly get   { date: 'Sat, 12 Nov 2016 10:10:41 GMT',
468 silly get     via: '1.1 varnish',
468 silly get     'cache-control': 'max-age=300',
468 silly get     etag: '"64LN9YQI6X4XTPFBYZLET8KF2"',
468 silly get     age: '43',
468 silly get     connection: 'keep-alive',
468 silly get     'x-served-by': 'cache-sjc3637-SJC',
468 silly get     'x-cache': 'HIT',
468 silly get     'x-cache-hits': '1',
468 silly get     'x-timer': 'S1478945441.172571,VS0,VE0',
468 silly get     vary: 'Accept-Encoding' } ]
469 verbose etag https://registry.npmjs.org/nan from cache
470 verbose get saving nan to C:\Users\yiupang\AppData\Roaming\npm-cache\registry.npmjs.org\nan\.cache.json
471 verbose correctMkdir C:\Users\yiupang\AppData\Roaming\npm-cache correctMkdir not in flight; initializing
472 silly cache afterAdd nan@2.3.2
473 verbose afterAdd C:\Users\yiupang\AppData\Roaming\npm-cache\nan\2.3.2\package\package.json not in flight; writing
474 verbose correctMkdir C:\Users\yiupang\AppData\Roaming\npm-cache correctMkdir not in flight; initializing
475 verbose afterAdd C:\Users\yiupang\AppData\Roaming\npm-cache\nan\2.3.2\package\package.json written
476 silly install resolved [ { name: 'bindings',
476 silly install resolved     description: 'Helper module for loading your native module\'s .node file',
476 silly install resolved     keywords: [ 'native', 'addon', 'bindings', 'gyp', 'waf', 'c', 'c++' ],
476 silly install resolved     version: '1.2.1',
476 silly install resolved     author:
476 silly install resolved      { name: 'Nathan Rajlich',
476 silly install resolved        email: 'nathan@tootallnate.net',
476 silly install resolved        url: 'http://tootallnate.net' },
476 silly install resolved     repository:
476 silly install resolved      { type: 'git',
476 silly install resolved        url: 'git://github.com/TooTallNate/node-bindings.git' },
476 silly install resolved     main: './bindings.js',
476 silly install resolved     bugs: { url: 'https://github.com/TooTallNate/node-bindings/issues' },
476 silly install resolved     homepage: 'https://github.com/TooTallNate/node-bindings',
476 silly install resolved     license: 'MIT',
476 silly install resolved     gitHead: 'e404152ee27f8478ccbc7122ee051246e8e5ec02',
476 silly install resolved     _id: 'bindings@1.2.1',
476 silly install resolved     scripts: {},
476 silly install resolved     _shasum: '14ad6113812d2d37d72e67b4cacb4bb726505f11',
476 silly install resolved     _from: 'bindings@1.2.1',
476 silly install resolved     _npmVersion: '1.4.14',
476 silly install resolved     _npmUser: { name: 'tootallnate', email: 'nathan@tootallnate.net' },
476 silly install resolved     maintainers: [ [Object], [Object] ],
476 silly install resolved     dist:
476 silly install resolved      { shasum: '14ad6113812d2d37d72e67b4cacb4bb726505f11',
476 silly install resolved        tarball: 'https://registry.npmjs.org/bindings/-/bindings-1.2.1.tgz' },
476 silly install resolved     directories: {},
476 silly install resolved     _resolved: 'https://registry.npmjs.org/bindings/-/bindings-1.2.1.tgz',
476 silly install resolved     readme: 'ERROR: No README data found!' },
476 silly install resolved   { name: 'nan',
476 silly install resolved     version: '2.3.2',
476 silly install resolved     description: 'Native Abstractions for Node.js: C++ header for Node 0.8 -> 6 compatibility',
476 silly install resolved     main: 'include_dirs.js',
476 silly install resolved     repository: { type: 'git', url: 'git://github.com/nodejs/nan.git' },
476 silly install resolved     scripts:
476 silly install resolved      { test: 'tap --gc test/js/*-test.js',
476 silly install resolved        'rebuild-tests': 'node-gyp rebuild --msvs_version=2013 --directory test',
476 silly install resolved        docs: 'doc/.build.sh' },
476 silly install resolved     contributors:
476 silly install resolved      [ [Object],
476 silly install resolved        [Object],
476 silly install resolved        [Object],
476 silly install resolved        [Object],
476 silly install resolved        [Object],
476 silly install resolved        [Object],
476 silly install resolved        [Object] ],
476 silly install resolved     devDependencies:
476 silly install resolved      { bindings: '~1.2.1',
476 silly install resolved        commander: '^2.8.1',
476 silly install resolved        glob: '^5.0.14',
476 silly install resolved        'node-gyp': '~3.0.1',
476 silly install resolved        tap: '~0.7.1',
476 silly install resolved        xtend: '~4.0.0' },
476 silly install resolved     license: 'MIT',
476 silly install resolved     bugs: { url: 'https://github.com/nodejs/nan/issues' },
476 silly install resolved     homepage: 'https://github.com/nodejs/nan#readme',
476 silly install resolved     _id: 'nan@2.3.2',
476 silly install resolved     _shasum: '4d4ecf17e1da4e989efb4f273d8d00201cad087e',
476 silly install resolved     _resolved: 'https://registry.npmjs.org/nan/-/nan-2.3.2.tgz',
476 silly install resolved     _from: 'nan@2.3.2',
476 silly install resolved     _npmVersion: '3.8.6',
476 silly install resolved     _nodeVersion: '6.0.0',
476 silly install resolved     _npmUser: { name: 'kkoopa', email: 'bbyholm@abo.fi' },
476 silly install resolved     dist:
476 silly install resolved      { shasum: '4d4ecf17e1da4e989efb4f273d8d00201cad087e',
476 silly install resolved        tarball: 'https://registry.npmjs.org/nan/-/nan-2.3.2.tgz' },
476 silly install resolved     maintainers: [ [Object], [Object] ],
476 silly install resolved     _npmOperationalInternal:
476 silly install resolved      { host: 'packages-16-east.internal.npmjs.com',
476 silly install resolved        tmp: 'tmp/nan-2.3.2.tgz_1461778534440_0.04312888509593904' },
476 silly install resolved     directories: {},
476 silly install resolved     readme: 'ERROR: No README data found!' } ]
477 info install bindings@1.2.1 into C:\Users\yiupang\Documents\GitHub\Oracle\node_modules\libxmljs
478 info install nan@2.3.2 into C:\Users\yiupang\Documents\GitHub\Oracle\node_modules\libxmljs
479 info installOne bindings@1.2.1
480 verbose installOne of bindings to C:\Users\yiupang\Documents\GitHub\Oracle\node_modules\libxmljs not in flight; installing
481 verbose correctMkdir C:\Users\yiupang\AppData\Roaming\npm-cache\_locks correctMkdir not in flight; initializing
482 info installOne nan@2.3.2
483 verbose installOne of nan to C:\Users\yiupang\Documents\GitHub\Oracle\node_modules\libxmljs not in flight; installing
484 verbose correctMkdir C:\Users\yiupang\AppData\Roaming\npm-cache\_locks correctMkdir not in flight; initializing
485 verbose lock using C:\Users\yiupang\AppData\Roaming\npm-cache\_locks\bindings-997c0ad7f3092e0f.lock for C:\Users\yiupang\Documents\GitHub\Oracle\node_modules\libxmljs\node_modules\bindings
486 silly install write writing bindings 1.2.1 to C:\Users\yiupang\Documents\GitHub\Oracle\node_modules\libxmljs\node_modules\bindings
487 verbose lock using C:\Users\yiupang\AppData\Roaming\npm-cache\_locks\nan-028e5e9ee16bfce0.lock for C:\Users\yiupang\Documents\GitHub\Oracle\node_modules\libxmljs\node_modules\nan
488 silly install write writing nan 2.3.2 to C:\Users\yiupang\Documents\GitHub\Oracle\node_modules\libxmljs\node_modules\nan
489 verbose unbuild node_modules\libxmljs\node_modules\bindings
490 silly gentlyRm C:\Users\yiupang\Documents\GitHub\Oracle\node_modules\libxmljs\node_modules\bindings is being purged from base C:\Users\yiupang\Documents\GitHub\Oracle
491 verbose gentlyRm don't care about contents; nuking C:\Users\yiupang\Documents\GitHub\Oracle\node_modules\libxmljs\node_modules\bindings
492 verbose unbuild node_modules\libxmljs\node_modules\nan
493 verbose tar unpack C:\Users\yiupang\AppData\Roaming\npm-cache\bindings\1.2.1\package.tgz
494 verbose tar unpacking to C:\Users\yiupang\Documents\GitHub\Oracle\node_modules\libxmljs\node_modules\bindings
495 silly gentlyRm C:\Users\yiupang\Documents\GitHub\Oracle\node_modules\libxmljs\node_modules\bindings is being purged
496 verbose gentlyRm don't care about contents; nuking C:\Users\yiupang\Documents\GitHub\Oracle\node_modules\libxmljs\node_modules\bindings
497 silly gunzTarPerm modes [ '777', '666' ]
498 silly gentlyRm C:\Users\yiupang\Documents\GitHub\Oracle\node_modules\libxmljs\node_modules\nan is being purged from base C:\Users\yiupang\Documents\GitHub\Oracle
499 verbose gentlyRm don't care about contents; nuking C:\Users\yiupang\Documents\GitHub\Oracle\node_modules\libxmljs\node_modules\nan
500 verbose tar unpack C:\Users\yiupang\AppData\Roaming\npm-cache\nan\2.3.2\package.tgz
501 verbose tar unpacking to C:\Users\yiupang\Documents\GitHub\Oracle\node_modules\libxmljs\node_modules\nan
502 silly gentlyRm C:\Users\yiupang\Documents\GitHub\Oracle\node_modules\libxmljs\node_modules\nan is being purged
503 verbose gentlyRm don't care about contents; nuking C:\Users\yiupang\Documents\GitHub\Oracle\node_modules\libxmljs\node_modules\nan
504 silly gunzTarPerm modes [ '777', '666' ]
505 silly gunzTarPerm extractEntry package.json
506 silly gunzTarPerm modified mode [ 'package.json', 420, 438 ]
507 silly gunzTarPerm extractEntry package.json
508 silly gunzTarPerm modified mode [ 'package.json', 436, 438 ]
509 silly gunzTarPerm extractEntry README.md
510 silly gunzTarPerm modified mode [ 'README.md', 420, 438 ]
511 silly gunzTarPerm extractEntry bindings.js
512 silly gunzTarPerm modified mode [ 'bindings.js', 420, 438 ]
513 silly gunzTarPerm extractEntry README.md
514 silly gunzTarPerm modified mode [ 'README.md', 436, 438 ]
515 silly gunzTarPerm extractEntry include_dirs.js
516 silly gunzTarPerm modified mode [ 'include_dirs.js', 436, 438 ]
517 silly gunzTarPerm extractEntry nan_converters.h
518 silly gunzTarPerm modified mode [ 'nan_converters.h', 436, 438 ]
519 silly gunzTarPerm extractEntry LICENSE.md
520 silly gunzTarPerm modified mode [ 'LICENSE.md', 436, 438 ]
521 silly gunzTarPerm extractEntry doc/node_misc.md
522 silly gunzTarPerm modified mode [ 'doc/node_misc.md', 436, 438 ]
523 silly gunzTarPerm extractEntry doc/asyncworker.md
524 silly gunzTarPerm modified mode [ 'doc/asyncworker.md', 436, 438 ]
525 verbose write writing to C:\Users\yiupang\Documents\GitHub\Oracle\node_modules\libxmljs\node_modules\bindings\package.json
526 info preinstall bindings@1.2.1
527 verbose readDependencies loading dependencies from C:\Users\yiupang\Documents\GitHub\Oracle\node_modules\libxmljs\node_modules\bindings\package.json
528 silly gunzTarPerm extractEntry doc/callback.md
529 silly gunzTarPerm modified mode [ 'doc/callback.md', 436, 438 ]
530 silly gunzTarPerm extractEntry doc/converters.md
531 silly gunzTarPerm modified mode [ 'doc/converters.md', 436, 438 ]
532 verbose readDependencies loading dependencies from C:\Users\yiupang\Documents\GitHub\Oracle\node_modules\libxmljs\node_modules\bindings\package.json
533 silly install resolved []
534 verbose about to build C:\Users\yiupang\Documents\GitHub\Oracle\node_modules\libxmljs\node_modules\bindings
535 info build C:\Users\yiupang\Documents\GitHub\Oracle\node_modules\libxmljs\node_modules\bindings
536 info linkStuff bindings@1.2.1
537 silly linkStuff bindings@1.2.1 has C:\Users\yiupang\Documents\GitHub\Oracle\node_modules\libxmljs\node_modules as its parent node_modules
538 silly gunzTarPerm extractEntry doc/errors.md
539 silly gunzTarPerm modified mode [ 'doc/errors.md', 436, 438 ]
540 silly gunzTarPerm extractEntry doc/maybe_types.md
541 silly gunzTarPerm modified mode [ 'doc/maybe_types.md', 436, 438 ]
542 verbose linkBins bindings@1.2.1
543 verbose linkMans bindings@1.2.1
544 verbose rebuildBundles bindings@1.2.1
545 info install bindings@1.2.1
546 info postinstall bindings@1.2.1
547 silly gunzTarPerm extractEntry doc/methods.md
548 silly gunzTarPerm modified mode [ 'doc/methods.md', 436, 438 ]
549 silly gunzTarPerm extractEntry doc/new.md
550 silly gunzTarPerm modified mode [ 'doc/new.md', 436, 438 ]
551 verbose unlock done using C:\Users\yiupang\AppData\Roaming\npm-cache\_locks\bindings-997c0ad7f3092e0f.lock for C:\Users\yiupang\Documents\GitHub\Oracle\node_modules\libxmljs\node_modules\bindings
552 silly gunzTarPerm extractEntry doc/buffers.md
553 silly gunzTarPerm modified mode [ 'doc/buffers.md', 436, 438 ]
554 silly gunzTarPerm extractEntry doc/object_wrappers.md
555 silly gunzTarPerm modified mode [ 'doc/object_wrappers.md', 436, 438 ]
556 silly gunzTarPerm extractEntry doc/persistent.md
557 silly gunzTarPerm modified mode [ 'doc/persistent.md', 436, 438 ]
558 silly gunzTarPerm extractEntry doc/scopes.md
559 silly gunzTarPerm modified mode [ 'doc/scopes.md', 436, 438 ]
560 silly gunzTarPerm extractEntry doc/script.md
561 silly gunzTarPerm modified mode [ 'doc/script.md', 436, 438 ]
562 silly gunzTarPerm extractEntry doc/string_bytes.md
563 silly gunzTarPerm modified mode [ 'doc/string_bytes.md', 436, 438 ]
564 silly gunzTarPerm extractEntry doc/v8_internals.md
565 silly gunzTarPerm modified mode [ 'doc/v8_internals.md', 436, 438 ]
566 silly gunzTarPerm extractEntry doc/v8_misc.md
567 silly gunzTarPerm modified mode [ 'doc/v8_misc.md', 436, 438 ]
568 silly gunzTarPerm extractEntry nan.h
569 silly gunzTarPerm modified mode [ 'nan.h', 436, 438 ]
570 silly gunzTarPerm extractEntry nan_callbacks.h
571 silly gunzTarPerm modified mode [ 'nan_callbacks.h', 436, 438 ]
572 silly gunzTarPerm extractEntry nan_callbacks_12_inl.h
573 silly gunzTarPerm modified mode [ 'nan_callbacks_12_inl.h', 436, 438 ]
574 silly gunzTarPerm extractEntry nan_callbacks_pre_12_inl.h
575 silly gunzTarPerm modified mode [ 'nan_callbacks_pre_12_inl.h', 436, 438 ]
576 silly gunzTarPerm extractEntry nan_converters_43_inl.h
577 silly gunzTarPerm modified mode [ 'nan_converters_43_inl.h', 436, 438 ]
578 silly gunzTarPerm extractEntry nan_converters_pre_43_inl.h
579 silly gunzTarPerm modified mode [ 'nan_converters_pre_43_inl.h', 436, 438 ]
580 silly gunzTarPerm extractEntry nan_implementation_12_inl.h
581 silly gunzTarPerm modified mode [ 'nan_implementation_12_inl.h', 436, 438 ]
582 silly gunzTarPerm extractEntry nan_implementation_pre_12_inl.h
583 silly gunzTarPerm modified mode [ 'nan_implementation_pre_12_inl.h', 436, 438 ]
584 silly gunzTarPerm extractEntry nan_maybe_43_inl.h
585 silly gunzTarPerm modified mode [ 'nan_maybe_43_inl.h', 436, 438 ]
586 silly gunzTarPerm extractEntry nan_maybe_pre_43_inl.h
587 silly gunzTarPerm modified mode [ 'nan_maybe_pre_43_inl.h', 436, 438 ]
588 silly gunzTarPerm extractEntry nan_new.h
589 silly gunzTarPerm modified mode [ 'nan_new.h', 436, 438 ]
590 silly gunzTarPerm extractEntry nan_object_wrap.h
591 silly gunzTarPerm modified mode [ 'nan_object_wrap.h', 436, 438 ]
592 silly gunzTarPerm extractEntry nan_persistent_12_inl.h
593 silly gunzTarPerm modified mode [ 'nan_persistent_12_inl.h', 436, 438 ]
594 silly gunzTarPerm extractEntry nan_persistent_pre_12_inl.h
595 silly gunzTarPerm modified mode [ 'nan_persistent_pre_12_inl.h', 436, 438 ]
596 silly gunzTarPerm extractEntry nan_string_bytes.h
597 silly gunzTarPerm modified mode [ 'nan_string_bytes.h', 436, 438 ]
598 silly gunzTarPerm extractEntry nan_typedarray_contents.h
599 silly gunzTarPerm modified mode [ 'nan_typedarray_contents.h', 436, 438 ]
600 silly gunzTarPerm extractEntry nan_weak.h
601 silly gunzTarPerm modified mode [ 'nan_weak.h', 436, 438 ]
602 silly gunzTarPerm extractEntry CHANGELOG.md
603 silly gunzTarPerm modified mode [ 'CHANGELOG.md', 436, 438 ]
604 silly gunzTarPerm extractEntry tools/package.json
605 silly gunzTarPerm modified mode [ 'tools/package.json', 436, 438 ]
606 silly gunzTarPerm extractEntry tools/README.md
607 silly gunzTarPerm modified mode [ 'tools/README.md', 436, 438 ]
608 silly gunzTarPerm extractEntry tools/1to2.js
609 silly gunzTarPerm modified mode [ 'tools/1to2.js', 509, 511 ]
610 verbose write writing to C:\Users\yiupang\Documents\GitHub\Oracle\node_modules\libxmljs\node_modules\nan\package.json
611 info preinstall nan@2.3.2
612 verbose readDependencies loading dependencies from C:\Users\yiupang\Documents\GitHub\Oracle\node_modules\libxmljs\node_modules\nan\package.json
613 verbose readDependencies loading dependencies from C:\Users\yiupang\Documents\GitHub\Oracle\node_modules\libxmljs\node_modules\nan\package.json
614 silly install resolved []
615 verbose about to build C:\Users\yiupang\Documents\GitHub\Oracle\node_modules\libxmljs\node_modules\nan
616 info build C:\Users\yiupang\Documents\GitHub\Oracle\node_modules\libxmljs\node_modules\nan
617 info linkStuff nan@2.3.2
618 silly linkStuff nan@2.3.2 has C:\Users\yiupang\Documents\GitHub\Oracle\node_modules\libxmljs\node_modules as its parent node_modules
619 verbose linkBins nan@2.3.2
620 verbose linkMans nan@2.3.2
621 verbose rebuildBundles nan@2.3.2
622 info install nan@2.3.2
623 info postinstall nan@2.3.2
624 verbose unlock done using C:\Users\yiupang\AppData\Roaming\npm-cache\_locks\nan-028e5e9ee16bfce0.lock for C:\Users\yiupang\Documents\GitHub\Oracle\node_modules\libxmljs\node_modules\nan
625 verbose about to build C:\Users\yiupang\Documents\GitHub\Oracle\node_modules\libxmljs
626 info build C:\Users\yiupang\Documents\GitHub\Oracle\node_modules\libxmljs
627 info linkStuff libxmljs@0.18.0
628 silly linkStuff libxmljs@0.18.0 has C:\Users\yiupang\Documents\GitHub\Oracle\node_modules as its parent node_modules
629 verbose linkBins libxmljs@0.18.0
630 verbose linkMans libxmljs@0.18.0
631 verbose rebuildBundles libxmljs@0.18.0
632 verbose rebuildBundles [ 'bindings', 'nan' ]
633 info install libxmljs@0.18.0
634 verbose unsafe-perm in lifecycle true
635 info libxmljs@0.18.0 Failed to exec install script
636 verbose unlock done using C:\Users\yiupang\AppData\Roaming\npm-cache\_locks\libxmljs-00435bfb11f14d6a.lock for C:\Users\yiupang\Documents\GitHub\Oracle\node_modules\libxmljs
637 verbose stack Error: libxmljs@0.18.0 install: `node-gyp rebuild`
637 verbose stack Exit status 1
637 verbose stack     at EventEmitter.<anonymous> (C:\Program Files\nodejs\node_modules\npm\lib\utils\lifecycle.js:217:16)
637 verbose stack     at emitTwo (events.js:87:13)
637 verbose stack     at EventEmitter.emit (events.js:172:7)
637 verbose stack     at ChildProcess.<anonymous> (C:\Program Files\nodejs\node_modules\npm\lib\utils\spawn.js:24:14)
637 verbose stack     at emitTwo (events.js:87:13)
637 verbose stack     at ChildProcess.emit (events.js:172:7)
637 verbose stack     at maybeClose (internal/child_process.js:827:16)
637 verbose stack     at Process.ChildProcess._handle.onexit (internal/child_process.js:211:5)
638 verbose pkgid libxmljs@0.18.0
639 verbose cwd C:\Users\yiupang\Documents\GitHub\Oracle
640 error Windows_NT 10.0.14393
641 error argv "C:\\Program Files\\nodejs\\node.exe" "C:\\Program Files\\nodejs\\node_modules\\npm\\bin\\npm-cli.js" "install" "libxmljs"
642 error node v4.4.7
643 error npm  v2.15.8
644 error code ELIFECYCLE
645 error libxmljs@0.18.0 install: `node-gyp rebuild`
645 error Exit status 1
646 error Failed at the libxmljs@0.18.0 install script 'node-gyp rebuild'.
646 error This is most likely a problem with the libxmljs package,
646 error not with npm itself.
646 error Tell the author that this fails on your system:
646 error     node-gyp rebuild
646 error You can get information on how to open an issue for this project with:
646 error     npm bugs libxmljs
646 error Or if that isn't available, you can get their info via:
646 error
646 error     npm owner ls libxmljs
646 error There is likely additional logging output above.
647 verbose exit [ 1, true ]
648 verbose unbuild node_modules\libxmljs
649 info preuninstall libxmljs@0.18.0
650 info uninstall libxmljs@0.18.0
651 verbose unbuild rmStuff libxmljs@0.18.0 from C:\Users\yiupang\Documents\GitHub\Oracle\node_modules
652 info postuninstall libxmljs@0.18.0
653 silly gentlyRm C:\Users\yiupang\Documents\GitHub\Oracle\node_modules\libxmljs is being purged from base C:\Users\yiupang\Documents\GitHub\Oracle
654 verbose gentlyRm don't care about contents; nuking C:\Users\yiupang\Documents\GitHub\Oracle\node_modules\libxmljs
655 silly vacuum-fs purging C:\Users\yiupang\Documents\GitHub\Oracle\node_modules\libxmljs
656 silly vacuum-fs quitting because other entries in C:\Users\yiupang\Documents\GitHub\Oracle\node_modules
